<?xml version="1.0" encoding="UTF-8"?>
<testng-results skipped="0" failed="1" ignored="0" total="5" passed="4">
  <reporter-output>
    <line>
      <![CDATA[Starting the applicaton]]>
    </line>
    <line>
      <![CDATA[Login process started]]>
    </line>
    <line>
      <![CDATA[Login is successful]]>
    </line>
    <line>
      <![CDATA[Starting the applicaton]]>
    </line>
    <line>
      <![CDATA[Flight booking process started]]>
    </line>
    <line>
      <![CDATA[Starting the applicaton]]>
    </line>
    <line>
      <![CDATA[Crise booking process started]]>
    </line>
    <line>
      <![CDATA[Cruise booking is successful]]>
    </line>
    <line>
      <![CDATA[Starting the applicaton]]>
    </line>
    <line>
      <![CDATA[Starting the applicaton]]>
    </line>
    <line>
      <![CDATA[Registartion process started]]>
    </line>
    <line>
      <![CDATA[Registration successful]]>
    </line>
  </reporter-output>
  <suite name="Default suite" duration-ms="1176101" started-at="2020-04-08T12:39:53 IST" finished-at="2020-04-08T12:59:29 IST">
    <groups>
    </groups>
    <test name="Default test" duration-ms="1176101" started-at="2020-04-08T12:39:53 IST" finished-at="2020-04-08T12:59:29 IST">
      <class name="newTours.Automation.FlightBookingApp">
        <test-method status="FAIL" signature="FlightBooking()[pri:2, instance:newTours.Automation.FlightBookingApp@6895a785]" name="FlightBooking" duration-ms="327988" started-at="2020-04-08T12:44:21 IST" finished-at="2020-04-08T12:49:49 IST">
          <exception class="org.openqa.selenium.TimeoutException">
            <message>
              <![CDATA[timeout
  (Session info: chrome=80.0.3987.149)
Build info: version: '3.141.59', revision: 'e82be7d358', time: '2018-11-14T08:17:03'
System info: host: 'A2ML25826', ip: '192.168.43.52', os.name: 'Windows 10', os.arch: 'amd64', os.version: '10.0', java.version: '1.8.0_181'
Driver info: org.openqa.selenium.chrome.ChromeDriver
Capabilities {acceptInsecureCerts: false, browserName: chrome, browserVersion: 80.0.3987.149, chrome: {chromedriverVersion: 79.0.3945.36 (3582db32b3389..., userDataDir: C:\Users\m1036923\AppData\L...}, goog:chromeOptions: {debuggerAddress: localhost:53529}, javascriptEnabled: true, networkConnectionEnabled: false, pageLoadStrategy: normal, platform: WINDOWS, platformName: WINDOWS, proxy: Proxy(), setWindowRect: true, strictFileInteractability: false, timeouts: {implicit: 0, pageLoad: 300000, script: 30000}, unhandledPromptBehavior: dismiss and notify}
Session ID: 6bf2f8087b312895f4ea3ebea2d5e2ed]]>
            </message>
            <full-stacktrace>
              <![CDATA[org.openqa.selenium.TimeoutException: timeout
  (Session info: chrome=80.0.3987.149)
Build info: version: '3.141.59', revision: 'e82be7d358', time: '2018-11-14T08:17:03'
System info: host: 'A2ML25826', ip: '192.168.43.52', os.name: 'Windows 10', os.arch: 'amd64', os.version: '10.0', java.version: '1.8.0_181'
Driver info: org.openqa.selenium.chrome.ChromeDriver
Capabilities {acceptInsecureCerts: false, browserName: chrome, browserVersion: 80.0.3987.149, chrome: {chromedriverVersion: 79.0.3945.36 (3582db32b3389..., userDataDir: C:\Users\m1036923\AppData\L...}, goog:chromeOptions: {debuggerAddress: localhost:53529}, javascriptEnabled: true, networkConnectionEnabled: false, pageLoadStrategy: normal, platform: WINDOWS, platformName: WINDOWS, proxy: Proxy(), setWindowRect: true, strictFileInteractability: false, timeouts: {implicit: 0, pageLoad: 300000, script: 30000}, unhandledPromptBehavior: dismiss and notify}
Session ID: 6bf2f8087b312895f4ea3ebea2d5e2ed
at sun.reflect.NativeConstructorAccessorImpl.newInstance0(Native Method)
at sun.reflect.NativeConstructorAccessorImpl.newInstance(NativeConstructorAccessorImpl.java:62)
at sun.reflect.DelegatingConstructorAccessorImpl.newInstance(DelegatingConstructorAccessorImpl.java:45)
at java.lang.reflect.Constructor.newInstance(Constructor.java:423)
at org.openqa.selenium.remote.http.W3CHttpResponseCodec.createException(W3CHttpResponseCodec.java:187)
at org.openqa.selenium.remote.http.W3CHttpResponseCodec.decode(W3CHttpResponseCodec.java:122)
at org.openqa.selenium.remote.http.W3CHttpResponseCodec.decode(W3CHttpResponseCodec.java:49)
at org.openqa.selenium.remote.HttpCommandExecutor.execute(HttpCommandExecutor.java:158)
at org.openqa.selenium.remote.service.DriverCommandExecutor.execute(DriverCommandExecutor.java:83)
at org.openqa.selenium.remote.RemoteWebDriver.execute(RemoteWebDriver.java:552)
at org.openqa.selenium.remote.RemoteWebElement.execute(RemoteWebElement.java:285)
at org.openqa.selenium.remote.RemoteWebElement.click(RemoteWebElement.java:84)
at newTours.Automation.FlightBookingApp.FlightBooking(FlightBookingApp.java:20)
at sun.reflect.NativeMethodAccessorImpl.invoke0(Native Method)
at sun.reflect.NativeMethodAccessorImpl.invoke(NativeMethodAccessorImpl.java:62)
at sun.reflect.DelegatingMethodAccessorImpl.invoke(DelegatingMethodAccessorImpl.java:43)
at java.lang.reflect.Method.invoke(Method.java:498)
at org.testng.internal.MethodInvocationHelper.invokeMethod(MethodInvocationHelper.java:134)
at org.testng.internal.TestInvoker.invokeMethod(TestInvoker.java:597)
at org.testng.internal.TestInvoker.invokeTestMethod(TestInvoker.java:173)
at org.testng.internal.MethodRunner.runInSequence(MethodRunner.java:46)
at org.testng.internal.TestInvoker$MethodInvocationAgent.invoke(TestInvoker.java:816)
at org.testng.internal.TestInvoker.invokeTestMethods(TestInvoker.java:146)
at org.testng.internal.TestMethodWorker.invokeTestMethods(TestMethodWorker.java:146)
at org.testng.internal.TestMethodWorker.run(TestMethodWorker.java:128)
at java.util.ArrayList.forEach(ArrayList.java:1257)
at org.testng.TestRunner.privateRun(TestRunner.java:766)
at org.testng.TestRunner.run(TestRunner.java:587)
at org.testng.SuiteRunner.runTest(SuiteRunner.java:384)
at org.testng.SuiteRunner.runSequentially(SuiteRunner.java:378)
at org.testng.SuiteRunner.privateRun(SuiteRunner.java:337)
at org.testng.SuiteRunner.run(SuiteRunner.java:286)
at org.testng.SuiteRunnerWorker.runSuite(SuiteRunnerWorker.java:53)
at org.testng.SuiteRunnerWorker.run(SuiteRunnerWorker.java:96)
at org.testng.TestNG.runSuitesSequentially(TestNG.java:1187)
at org.testng.TestNG.runSuitesLocally(TestNG.java:1109)
at org.testng.TestNG.runSuites(TestNG.java:1039)
at org.testng.TestNG.run(TestNG.java:1007)
at org.testng.remote.AbstractRemoteTestNG.run(AbstractRemoteTestNG.java:115)
at org.testng.remote.RemoteTestNG.initAndRun(RemoteTestNG.java:251)
at org.testng.remote.RemoteTestNG.main(RemoteTestNG.java:77)
]]>
            </full-stacktrace>
          </exception> <!-- org.openqa.selenium.TimeoutException -->
          <reporter-output>
            <line>
              <![CDATA[Starting the applicaton]]>
            </line>
            <line>
              <![CDATA[Flight booking process started]]>
            </line>
          </reporter-output>
        </test-method> <!-- FlightBooking -->
      </class> <!-- newTours.Automation.FlightBookingApp -->
      <class name="newTours.Automation.CruiseBookingApp">
        <test-method status="PASS" signature="CruiseBooking()[pri:3, instance:newTours.Automation.CruiseBookingApp@184f6be2]" name="CruiseBooking" duration-ms="313820" started-at="2020-04-08T12:49:49 IST" finished-at="2020-04-08T12:55:02 IST">
          <reporter-output>
            <line>
              <![CDATA[Starting the applicaton]]>
            </line>
            <line>
              <![CDATA[Crise booking process started]]>
            </line>
            <line>
              <![CDATA[Cruise booking is successful]]>
            </line>
          </reporter-output>
        </test-method> <!-- CruiseBooking -->
      </class> <!-- newTours.Automation.CruiseBookingApp -->
      <class name="newTours.Automation.LoginToApp">
        <test-method status="PASS" signature="Login()[pri:1, instance:newTours.Automation.LoginToApp@56aac163]" name="Login" duration-ms="267431" started-at="2020-04-08T12:39:53 IST" finished-at="2020-04-08T12:44:21 IST">
          <reporter-output>
            <line>
              <![CDATA[Starting the applicaton]]>
            </line>
            <line>
              <![CDATA[Login process started]]>
            </line>
            <line>
              <![CDATA[Login is successful]]>
            </line>
          </reporter-output>
        </test-method> <!-- Login -->
      </class> <!-- newTours.Automation.LoginToApp -->
      <class name="newTours.Automation.BrokenLinksOfApp">
        <test-method status="PASS" signature="BrokenLinks()[pri:4, instance:newTours.Automation.BrokenLinksOfApp@1f7030a6]" name="BrokenLinks" duration-ms="31168" started-at="2020-04-08T12:55:02 IST" finished-at="2020-04-08T12:55:34 IST">
          <reporter-output>
            <line>
              <![CDATA[Starting the applicaton]]>
            </line>
          </reporter-output>
        </test-method> <!-- BrokenLinks -->
      </class> <!-- newTours.Automation.BrokenLinksOfApp -->
      <class name="newTours.Automation.RegisterToApp">
        <test-method status="PASS" signature="Register()[pri:0, instance:newTours.Automation.RegisterToApp@5a1c0542]" name="Register" duration-ms="235618" started-at="2020-04-08T12:55:34 IST" finished-at="2020-04-08T12:59:29 IST">
          <reporter-output>
            <line>
              <![CDATA[Starting the applicaton]]>
            </line>
            <line>
              <![CDATA[Registartion process started]]>
            </line>
            <line>
              <![CDATA[Registration successful]]>
            </line>
          </reporter-output>
        </test-method> <!-- Register -->
      </class> <!-- newTours.Automation.RegisterToApp -->
    </test> <!-- Default test -->
  </suite> <!-- Default suite -->
</testng-results>
