<?xml version="1.0" encoding="UTF-8"?>
<testng-results skipped="0" failed="0" ignored="0" total="1" passed="1">
  <reporter-output>
    <line>
      <![CDATA[Starting the applicaton]]>
    </line>
  </reporter-output>
  <suite name="Default suite" duration-ms="35534" started-at="2020-04-01T15:10:54 IST" finished-at="2020-04-01T15:11:30 IST">
    <groups>
    </groups>
    <test name="Default test" duration-ms="35534" started-at="2020-04-01T15:10:54 IST" finished-at="2020-04-01T15:11:30 IST">
      <class name="newTours.Automation.BrokenLinksOfApp">
        <test-method status="PASS" signature="BrokenLinks()[pri:4, instance:newTours.Automation.BrokenLinksOfApp@614ddd49]" name="BrokenLinks" duration-ms="35465" started-at="2020-04-01T15:10:55 IST" finished-at="2020-04-01T15:11:30 IST">
          <reporter-output>
            <line>
              <![CDATA[Starting the applicaton]]>
            </line>
          </reporter-output>
        </test-method> <!-- BrokenLinks -->
      </class> <!-- newTours.Automation.BrokenLinksOfApp -->
    </test> <!-- Default test -->
  </suite> <!-- Default suite -->
</testng-results>
